<?xml version="1.0" encoding="UTF-8"?>
<coverage generated="1688634812876" clover="3.2.0">
    <project timestamp="1688634812876" name="All files">
        <metrics statements="19" coveredstatements="19" conditionals="5" coveredconditionals="5"
                 methods="4" coveredmethods="4" elements="28" coveredelements="28" complexity="0"
                 loc="19" ncloc="19" packages="1" files="1" classes="1"/>
        <file name="counter.js"
              path="C:\Users\miamo\OneDrive\Рабочий стол\webpack-boilerplate\src\js\counter.js">
            <metrics statements="19" coveredstatements="19" conditionals="5" coveredconditionals="5"
                     methods="4" coveredmethods="4"/>
            <line num="1" count="1" type="cond" truecount="1" falsecount="0"/>
            <line num="2" count="1" type="cond" truecount="1" falsecount="0"/>
            <line num="3" count="3" type="stmt"/>
            <line num="4" count="3" type="stmt"/>
            <line num="5" count="1" type="stmt"/>
            <line num="6" count="1" type="cond" truecount="1" falsecount="0"/>
            <line num="7" count="2" type="stmt"/>
            <line num="8" count="2" type="stmt"/>
            <line num="9" count="1" type="stmt"/>
            <line num="10" count="1" type="cond" truecount="1" falsecount="0"/>
            <line num="11" count="1" type="stmt"/>
            <line num="12" count="1" type="stmt"/>
            <line num="13" count="1" type="stmt"/>
            <line num="14" count="1" type="cond" truecount="1" falsecount="0"/>
            <line num="15" count="1" type="stmt"/>
            <line num="16" count="1" type="stmt"/>
            <line num="17" count="1" type="stmt"/>
            <line num="18" count="1" type="stmt"/>
            <line num="19" count="1" type="stmt"/>
        </file>
    </project>
</coverage>
