{
  "C:\\Users\\miamo\\OneDrive\\Рабочий стол\\webpack-boilerplate\\src\\js\\counter.js": {
    "path": "C:\\Users\\miamo\\OneDrive\\Рабочий стол\\webpack-boilerplate\\src\\js\\counter.js",
    "all": false,
    "statementMap": {
      "0": {
        "start": {
          "line": 1,
          "column": 0
        },
        "end": {
          "line": 1,
          "column": 15
        }
      },
      "1": {
        "start": {
          "line": 2,
          "column": 0
        },
        "end": {
          "line": 2,
          "column": 20
        }
      },
      "2": {
        "start": {
          "line": 3,
          "column": 0
        },
        "end": {
          "line": 3,
          "column": 25
        }
      },
      "3": {
        "start": {
          "line": 4,
          "column": 0
        },
        "end": {
          "line": 4,
          "column": 5
        }
      },
      "4": {
        "start": {
          "line": 5,
          "column": 0
        },
        "end": {
          "line": 5,
          "column": 0
        }
      },
      "5": {
        "start": {
          "line": 6,
          "column": 0
        },
        "end": {
          "line": 6,
          "column": 18
        }
      },
      "6": {
        "start": {
          "line": 7,
          "column": 0
        },
        "end": {
          "line": 7,
          "column": 28
        }
      },
      "7": {
        "start": {
          "line": 8,
          "column": 0
        },
        "end": {
          "line": 8,
          "column": 5
        }
      },
      "8": {
        "start": {
          "line": 9,
          "column": 0
        },
        "end": {
          "line": 9,
          "column": 0
        }
      },
      "9": {
        "start": {
          "line": 10,
          "column": 0
        },
        "end": {
          "line": 10,
          "column": 17
        }
      },
      "10": {
        "start": {
          "line": 11,
          "column": 0
        },
        "end": {
          "line": 11,
          "column": 23
        }
      },
      "11": {
        "start": {
          "line": 12,
          "column": 0
        },
        "end": {
          "line": 12,
          "column": 5
        }
      },
      "12": {
        "start": {
          "line": 13,
          "column": 0
        },
        "end": {
          "line": 13,
          "column": 0
        }
      },
      "13": {
        "start": {
          "line": 14,
          "column": 0
        },
        "end": {
          "line": 14,
          "column": 17
        }
      },
      "14": {
        "start": {
          "line": 15,
          "column": 0
        },
        "end": {
          "line": 15,
          "column": 23
        }
      },
      "15": {
        "start": {
          "line": 16,
          "column": 0
        },
        "end": {
          "line": 16,
          "column": 5
        }
      },
      "16": {
        "start": {
          "line": 17,
          "column": 0
        },
        "end": {
          "line": 17,
          "column": 1
        }
      },
      "17": {
        "start": {
          "line": 18,
          "column": 0
        },
        "end": {
          "line": 18,
          "column": 0
        }
      },
      "18": {
        "start": {
          "line": 19,
          "column": 0
        },
        "end": {
          "line": 19,
          "column": 16
        }
      }
    },
    "s": {
      "0": 1,
      "1": 1,
      "2": 3,
      "3": 3,
      "4": 1,
      "5": 1,
      "6": 2,
      "7": 2,
      "8": 1,
      "9": 1,
      "10": 1,
      "11": 1,
      "12": 1,
      "13": 1,
      "14": 1,
      "15": 1,
      "16": 1,
      "17": 1,
      "18": 1
    },
    "branchMap": {
      "0": {
        "type": "branch",
        "line": 1,
        "loc": {
          "start": {
            "line": 1,
            "column": 0
          },
          "end": {
            "line": 19,
            "column": 16
          }
        },
        "locations": [
          {
            "start": {
              "line": 1,
              "column": 0
            },
            "end": {
              "line": 19,
              "column": 16
            }
          }
        ]
      },
      "1": {
        "type": "branch",
        "line": 2,
        "loc": {
          "start": {
            "line": 2,
            "column": 4
          },
          "end": {
            "line": 4,
            "column": 5
          }
        },
        "locations": [
          {
            "start": {
              "line": 2,
              "column": 4
            },
            "end": {
              "line": 4,
              "column": 5
            }
          }
        ]
      },
      "2": {
        "type": "branch",
        "line": 6,
        "loc": {
          "start": {
            "line": 6,
            "column": 4
          },
          "end": {
            "line": 8,
            "column": 5
          }
        },
        "locations": [
          {
            "start": {
              "line": 6,
              "column": 4
            },
            "end": {
              "line": 8,
              "column": 5
            }
          }
        ]
      },
      "3": {
        "type": "branch",
        "line": 10,
        "loc": {
          "start": {
            "line": 10,
            "column": 4
          },
          "end": {
            "line": 12,
            "column": 5
          }
        },
        "locations": [
          {
            "start": {
              "line": 10,
              "column": 4
            },
            "end": {
              "line": 12,
              "column": 5
            }
          }
        ]
      },
      "4": {
        "type": "branch",
        "line": 14,
        "loc": {
          "start": {
            "line": 14,
            "column": 4
          },
          "end": {
            "line": 16,
            "column": 5
          }
        },
        "locations": [
          {
            "start": {
              "line": 14,
              "column": 4
            },
            "end": {
              "line": 16,
              "column": 5
            }
          }
        ]
      }
    },
    "b": {
      "0": [
        1
      ],
      "1": [
        3
      ],
      "2": [
        2
      ],
      "3": [
        1
      ],
      "4": [
        1
      ]
    },
    "fnMap": {
      "0": {
        "name": "Counter",
        "decl": {
          "start": {
            "line": 2,
            "column": 4
          },
          "end": {
            "line": 4,
            "column": 5
          }
        },
        "loc": {
          "start": {
            "line": 2,
            "column": 4
          },
          "end": {
            "line": 4,
            "column": 5
          }
        },
        "line": 2
      },
      "1": {
        "name": "getCounter",
        "decl": {
          "start": {
            "line": 6,
            "column": 4
          },
          "end": {
            "line": 8,
            "column": 5
          }
        },
        "loc": {
          "start": {
            "line": 6,
            "column": 4
          },
          "end": {
            "line": 8,
            "column": 5
          }
        },
        "line": 6
      },
      "2": {
        "name": "increment",
        "decl": {
          "start": {
            "line": 10,
            "column": 4
          },
          "end": {
            "line": 12,
            "column": 5
          }
        },
        "loc": {
          "start": {
            "line": 10,
            "column": 4
          },
          "end": {
            "line": 12,
            "column": 5
          }
        },
        "line": 10
      },
      "3": {
        "name": "decrement",
        "decl": {
          "start": {
            "line": 14,
            "column": 4
          },
          "end": {
            "line": 16,
            "column": 5
          }
        },
        "loc": {
          "start": {
            "line": 14,
            "column": 4
          },
          "end": {
            "line": 16,
            "column": 5
          }
        },
        "line": 14
      }
    },
    "f": {
      "0": 3,
      "1": 2,
      "2": 1,
      "3": 1
    }
  }
}
